Using pre-set license
Built from '2022.3/staging' branch; Version is '2022.3.28f1 (6bae5ce6b222) revision 7056988'; Using compiler version '192829333'; Build Type 'Release'
OS: 'Windows 10  (10.0.19045) 64bit CoreSingleLanguage' Language: 'en' Physical Memory: 16229 MB
BatchMode: 1, IsHumanControllingUs: 0, StartBugReporterOnCrash: 0, Is64bit: 1, IsPro: 1

COMMAND LINE ARGUMENTS:
F:\Unity\Editor\2022.3.28f1\Editor\Unity.exe
-adb2
-batchMode
-noUpm
-name
AssetImportWorker0
-projectPath
F:/PixelDungeon/PixelDungeon
-logFile
Logs/AssetImportWorker0.log
-srvPort
59315
Successfully changed project path to: F:/PixelDungeon/PixelDungeon
F:/PixelDungeon/PixelDungeon
[UnityMemory] Configuration Parameters - Can be set up in boot.config
    "memorysetup-bucket-allocator-granularity=16"
    "memorysetup-bucket-allocator-bucket-count=8"
    "memorysetup-bucket-allocator-block-size=33554432"
    "memorysetup-bucket-allocator-block-count=8"
    "memorysetup-main-allocator-block-size=16777216"
    "memorysetup-thread-allocator-block-size=16777216"
    "memorysetup-gfx-main-allocator-block-size=16777216"
    "memorysetup-gfx-thread-allocator-block-size=16777216"
    "memorysetup-cache-allocator-block-size=4194304"
    "memorysetup-typetree-allocator-block-size=2097152"
    "memorysetup-profiler-bucket-allocator-granularity=16"
    "memorysetup-profiler-bucket-allocator-bucket-count=8"
    "memorysetup-profiler-bucket-allocator-block-size=33554432"
    "memorysetup-profiler-bucket-allocator-block-count=8"
    "memorysetup-profiler-allocator-block-size=16777216"
    "memorysetup-profiler-editor-allocator-block-size=1048576"
    "memorysetup-temp-allocator-size-main=16777216"
    "memorysetup-job-temp-allocator-block-size=2097152"
    "memorysetup-job-temp-allocator-block-size-background=1048576"
    "memorysetup-job-temp-allocator-reduction-small-platforms=262144"
    "memorysetup-allocator-temp-initial-block-size-main=262144"
    "memorysetup-allocator-temp-initial-block-size-worker=262144"
    "memorysetup-temp-allocator-size-background-worker=32768"
    "memorysetup-temp-allocator-size-job-worker=262144"
    "memorysetup-temp-allocator-size-preload-manager=33554432"
    "memorysetup-temp-allocator-size-nav-mesh-worker=65536"
    "memorysetup-temp-allocator-size-audio-worker=65536"
    "memorysetup-temp-allocator-size-cloud-worker=32768"
    "memorysetup-temp-allocator-size-gi-baking-worker=262144"
    "memorysetup-temp-allocator-size-gfx=262144"
Player connection [18436] Host "[IP] 192.168.1.3 [Port] 0 [Flags] 2 [Guid] 3226661161 [EditorId] 3226661161 [Version] 1048832 [Id] WindowsEditor(7,Xenon) [Debug] 1 [PackageName] WindowsEditor [ProjectName] Editor" joined multi-casting on [225.0.0.222:54997]...

Player connection [18436] Host "[IP] 192.168.1.3 [Port] 0 [Flags] 2 [Guid] 3226661161 [EditorId] 3226661161 [Version] 1048832 [Id] WindowsEditor(7,Xenon) [Debug] 1 [PackageName] WindowsEditor [ProjectName] Editor" joined alternative multi-casting on [225.0.0.222:34997]...

[Physics::Module] Initialized MultithreadedJobDispatcher with 11 workers.
Refreshing native plugins compatible for Editor in 2385.07 ms, found 4 plugins.
Preloading 0 native plugins for Editor in 0.00 ms.
Initialize engine version: 2022.3.28f1 (6bae5ce6b222)
[Subsystems] Discovering subsystems at path F:/Unity/Editor/2022.3.28f1/Editor/Data/Resources/UnitySubsystems
[Subsystems] Discovering subsystems at path F:/PixelDungeon/PixelDungeon/Assets
GfxDevice: creating device client; threaded=0; jobified=0
Direct3D:
    Version:  Direct3D 11.0 [level 11.1]
    Renderer: NVIDIA GeForce GTX 1650 with Max-Q Design (ID=0x1f91)
    Vendor:   NVIDIA
    VRAM:     3935 MB
    Driver:   32.0.15.5599
Initialize mono
Mono path[0] = 'F:/Unity/Editor/2022.3.28f1/Editor/Data/Managed'
Mono path[1] = 'F:/Unity/Editor/2022.3.28f1/Editor/Data/MonoBleedingEdge/lib/mono/unityjit-win32'
Mono config path = 'F:/Unity/Editor/2022.3.28f1/Editor/Data/MonoBleedingEdge/etc'
Using monoOptions --debugger-agent=transport=dt_socket,embedding=1,server=y,suspend=n,address=127.0.0.1:56588
Begin MonoManager ReloadAssembly
Registering precompiled unity dll's ...
Register platform support module: F:/Unity/Editor/2022.3.28f1/Editor/Data/PlaybackEngines/WebGLSupport/UnityEditor.WebGL.Extensions.dll
Register platform support module: F:/Unity/Editor/2022.3.28f1/Editor/Data/PlaybackEngines/WindowsStandaloneSupport/UnityEditor.WindowsStandalone.Extensions.dll
Registered in 0.375670 seconds.
- Loaded All Assemblies, in 10.274 seconds
Native extension for WindowsStandalone target not found
Native extension for WebGL target not found
Mono: successfully reloaded assembly
- Finished resetting the current domain, in  0.543 seconds
Domain Reload Profiling: 10817ms
	BeginReloadAssembly (7511ms)
		ExecutionOrderSort (0ms)
		DisableScriptedObjects (0ms)
		BackupInstance (0ms)
		ReleaseScriptingObjects (0ms)
		CreateAndSetChildDomain (1ms)
	RebuildCommonClasses (646ms)
	RebuildNativeTypeToScriptingClass (30ms)
	initialDomainReloadingComplete (462ms)
	LoadAllAssembliesAndSetupDomain (1625ms)
		LoadAssemblies (7510ms)
		RebuildTransferFunctionScriptingTraits (0ms)
		AnalyzeDomain (1621ms)
			TypeCache.Refresh (1619ms)
				TypeCache.ScanAssembly (1220ms)
			ScanForSourceGeneratedMonoScriptInfo (1ms)
			ResolveRequiredComponents (1ms)
	FinalizeReload (543ms)
		ReleaseScriptCaches (0ms)
		RebuildScriptCaches (0ms)
		SetupLoadedEditorAssemblies (432ms)
			LogAssemblyErrors (0ms)
			InitializePlatformSupportModulesInManaged (16ms)
			SetLoadedEditorAssemblies (9ms)
			RefreshPlugins (0ms)
			BeforeProcessingInitializeOnLoad (4ms)
			ProcessInitializeOnLoadAttributes (296ms)
			ProcessInitializeOnLoadMethodAttributes (106ms)
			AfterProcessingInitializeOnLoad (0ms)
			EditorAssembliesLoaded (0ms)
		ExecutionOrderSort2 (0ms)
		AwakeInstancesAfterBackupRestoration (0ms)
========================================================================
Worker process is ready to serve import requests
Begin MonoManager ReloadAssembly
- Loaded All Assemblies, in 11.997 seconds
Refreshing native plugins compatible for Editor in 5.19 ms, found 4 plugins.
Native extension for WindowsStandalone target not found
Native extension for WebGL target not found
Package Manager log level set to [2]
[Package Manager] Server::EnsureServerProcessIsRunning -- launch failed, reason: Unity was launched with the -noUpm command-line argument
[Package Manager] UpmClient::Send -- Unable to send message (not connected to UPM process).
[Package Manager] Cannot connect to Unity Package Manager local server
Mono: successfully reloaded assembly
- Finished resetting the current domain, in  1.225 seconds
Domain Reload Profiling: 13221ms
	BeginReloadAssembly (257ms)
		ExecutionOrderSort (0ms)
		DisableScriptedObjects (10ms)
		BackupInstance (0ms)
		ReleaseScriptingObjects (0ms)
		CreateAndSetChildDomain (42ms)
	RebuildCommonClasses (63ms)
	RebuildNativeTypeToScriptingClass (21ms)
	initialDomainReloadingComplete (68ms)
	LoadAllAssembliesAndSetupDomain (11586ms)
		LoadAssemblies (10907ms)
		RebuildTransferFunctionScriptingTraits (0ms)
		AnalyzeDomain (826ms)
			TypeCache.Refresh (776ms)
				TypeCache.ScanAssembly (725ms)
			ScanForSourceGeneratedMonoScriptInfo (37ms)
			ResolveRequiredComponents (11ms)
	FinalizeReload (1226ms)
		ReleaseScriptCaches (0ms)
		RebuildScriptCaches (0ms)
		SetupLoadedEditorAssemblies (902ms)
			LogAssemblyErrors (0ms)
			InitializePlatformSupportModulesInManaged (9ms)
			SetLoadedEditorAssemblies (5ms)
			RefreshPlugins (0ms)
			BeforeProcessingInitializeOnLoad (109ms)
			ProcessInitializeOnLoadAttributes (715ms)
			ProcessInitializeOnLoadMethodAttributes (59ms)
			AfterProcessingInitializeOnLoad (5ms)
			EditorAssembliesLoaded (0ms)
		ExecutionOrderSort2 (0ms)
		AwakeInstancesAfterBackupRestoration (17ms)
Launched and connected shader compiler UnityShaderCompiler.exe after 0.13 seconds
Refreshing native plugins compatible for Editor in 6.90 ms, found 4 plugins.
Preloading 0 native plugins for Editor in 0.00 ms.
Unloading 4607 Unused Serialized files (Serialized files now loaded: 0)
Unloading 91 unused Assets / (318.7 KB). Loaded Objects now: 5062.
Memory consumption went from 159.7 MB to 159.4 MB.
Total: 5.682000 ms (FindLiveObjects: 0.451100 ms CreateObjectMapping: 0.438900 ms MarkObjects: 4.384800 ms  DeleteObjects: 0.406200 ms)

AssetImportParameters requested are different than current active one (requested -> active):
  custom:container-demuxer-ogg: 62fdf1f143b41e24485cea50d1cbac27 -> 
  custom:video-decoder-ogg-theora: a1e56fd34408186e4bbccfd4996cb3dc -> 
  custom:framework-win-MediaFoundation: 216162199b28c13a410421893ffa2e32 -> 
  custom:CustomObjectIndexerAttribute: 9a22284fe3817be447336de3de66b15e -> 
  custom:container-demuxer-webm: 4f35f7cbe854078d1ac9338744f61a02 -> 
  custom:container-muxer-webm: aa71ff27fc2769a1b78a27578f13a17b -> 
  custom:video-decoder-webm-vp8: 9c59270c3fd7afecdb556c50c9e8de78 -> 
  custom:SearchIndexIgnoredProperties: e643bd26f0fe6173181afceb89e7c659 -> 
  custom:AudioImporter_EditorPlatform: d09bf68614088b80899f8185d706f6e7 -> 
  custom:video-encoder-webm-vp8: eb34c28f22e8b96e1ab97ce403110664 -> 
  custom:audio-decoder-ogg-vorbis: bf7c407c2cedff20999df2af8eb42d56 -> 
  custom:audio-encoder-webm-vorbis: bf7c407c2cedff20999df2af8eb42d56 -> 
========================================================================
Received Import Request.
  Time since last request: 49613.334045 seconds.
  path: Assets/Origin/MINIFANTASY - Dungeon/Prefabs/Props/Wooden_Chair.prefab
  artifactKey: Guid(a3c78be5201c80647aba74138f3f72b8) Importer(815301076,1909f56bfc062723c751e8b465ee728b)
Start importing Assets/Origin/MINIFANTASY - Dungeon/Prefabs/Props/Wooden_Chair.prefab using Guid(a3c78be5201c80647aba74138f3f72b8) Importer(815301076,1909f56bfc062723c751e8b465ee728b)  -> (artifact id: '26ac650633130eeeb7630efa4fcfc25d') in 0.195459 seconds
Number of updated asset objects reloaded before import = 0
Number of asset objects unloaded after import = 24
========================================================================
Received Import Request.
  Time since last request: 0.000052 seconds.
  path: Assets/Origin/MINIFANTASY - Dungeon/Sprites/Animations/Orc/OrcBaseDmg.png
  artifactKey: Guid(143acf6d2282f9944a665b71229a5a72) Importer(815301076,1909f56bfc062723c751e8b465ee728b)
Start importing Assets/Origin/MINIFANTASY - Dungeon/Sprites/Animations/Orc/OrcBaseDmg.png using Guid(143acf6d2282f9944a665b71229a5a72) Importer(815301076,1909f56bfc062723c751e8b465ee728b)  -> (artifact id: '5f21cfa88744bc29d7d4e8d5e06606da') in 0.083633 seconds
Number of updated asset objects reloaded before import = 0
Number of asset objects unloaded after import = 18
========================================================================
Received Import Request.
  Time since last request: 0.000019 seconds.
  path: Assets/Origin/MINIFANTASY - Dungeon/Prefabs/Props/Clay_Mug.prefab
  artifactKey: Guid(74684bfd4b82fee45920306d81084793) Importer(815301076,1909f56bfc062723c751e8b465ee728b)
Start importing Assets/Origin/MINIFANTASY - Dungeon/Prefabs/Props/Clay_Mug.prefab using Guid(74684bfd4b82fee45920306d81084793) Importer(815301076,1909f56bfc062723c751e8b465ee728b)  -> (artifact id: '5b589e4e1f040cc5735b7fe59b0d381f') in 0.015034 seconds
Number of updated asset objects reloaded before import = 0
Number of asset objects unloaded after import = 12
========================================================================
Received Import Request.
  Time since last request: 0.000020 seconds.
  path: Assets/Origin/MINIFANTASY - Dungeon/Sprites/Animations/Human/HumanBaseWalk.png
  artifactKey: Guid(f812282260a85de4196fa640ee2227fb) Importer(815301076,1909f56bfc062723c751e8b465ee728b)
Start importing Assets/Origin/MINIFANTASY - Dungeon/Sprites/Animations/Human/HumanBaseWalk.png using Guid(f812282260a85de4196fa640ee2227fb) Importer(815301076,1909f56bfc062723c751e8b465ee728b)  -> (artifact id: '321c870f68e24480cf6798232565115d') in 0.048379 seconds
Number of updated asset objects reloaded before import = 0
Number of asset objects unloaded after import = 18
========================================================================
Received Import Request.
  Time since last request: 0.000019 seconds.
  path: Assets/Origin/MINIFANTASY - Dungeon/Sprites/Animations/Orc/OrcBaseIdle.png
  artifactKey: Guid(d3df8c8b3a27b8b44a8117d2f0e38800) Importer(815301076,1909f56bfc062723c751e8b465ee728b)
Start importing Assets/Origin/MINIFANTASY - Dungeon/Sprites/Animations/Orc/OrcBaseIdle.png using Guid(d3df8c8b3a27b8b44a8117d2f0e38800) Importer(815301076,1909f56bfc062723c751e8b465ee728b)  -> (artifact id: '34f608e5c1cd26f0da3e8f2df0a0ae52') in 0.135764 seconds
Number of updated asset objects reloaded before import = 0
Number of asset objects unloaded after import = 66
========================================================================
Received Import Request.
  Time since last request: 0.000023 seconds.
  path: Assets/Origin/MINIFANTASY - Dungeon/Sprites/Animations/Human/HumanBaseAttack.png
  artifactKey: Guid(1c9b84d978891c24288defb67855d5f3) Importer(815301076,1909f56bfc062723c751e8b465ee728b)
Start importing Assets/Origin/MINIFANTASY - Dungeon/Sprites/Animations/Human/HumanBaseAttack.png using Guid(1c9b84d978891c24288defb67855d5f3) Importer(815301076,1909f56bfc062723c751e8b465ee728b)  -> (artifact id: 'cbd167f6f51e4881bd73dfcc7c2f57e2') in 0.046549 seconds
Number of updated asset objects reloaded before import = 0
Number of asset objects unloaded after import = 18
========================================================================
Received Import Request.
  Time since last request: 0.000037 seconds.
  path: Assets/Origin/MINIFANTASY - Dungeon/Sprites/Animations/Orc/OrcBaseAnimations.png
  artifactKey: Guid(69d3d0f7fd7efa346ae005d23180aca2) Importer(815301076,1909f56bfc062723c751e8b465ee728b)
Start importing Assets/Origin/MINIFANTASY - Dungeon/Sprites/Animations/Orc/OrcBaseAnimations.png using Guid(69d3d0f7fd7efa346ae005d23180aca2) Importer(815301076,1909f56bfc062723c751e8b465ee728b)  -> (artifact id: '1b71ddbe5858f429ca4a8b66aba0e1e0') in 0.020791 seconds
Number of updated asset objects reloaded before import = 0
Number of asset objects unloaded after import = 3
========================================================================
Received Import Request.
  Time since last request: 0.000019 seconds.
  path: Assets/Origin/MINIFANTASY - Dungeon/Prefabs/Props/Door.prefab
  artifactKey: Guid(1a080c0565b22434aa2f5db7921c2659) Importer(815301076,1909f56bfc062723c751e8b465ee728b)
Start importing Assets/Origin/MINIFANTASY - Dungeon/Prefabs/Props/Door.prefab using Guid(1a080c0565b22434aa2f5db7921c2659) Importer(815301076,1909f56bfc062723c751e8b465ee728b)  -> (artifact id: '15420c99d440720106b1f4fad1067536') in 0.022476 seconds
Number of updated asset objects reloaded before import = 0
Number of asset objects unloaded after import = 7
========================================================================
Received Import Request.
  Time since last request: 0.000020 seconds.
  path: Assets/Origin/MINIFANTASY - Dungeon/Prefabs/Props/Wall_Torch.prefab
  artifactKey: Guid(ede366b2f23aa5b48aada72122ed8641) Importer(815301076,1909f56bfc062723c751e8b465ee728b)
Start importing Assets/Origin/MINIFANTASY - Dungeon/Prefabs/Props/Wall_Torch.prefab using Guid(ede366b2f23aa5b48aada72122ed8641) Importer(815301076,1909f56bfc062723c751e8b465ee728b)  -> (artifact id: '8abbdf0bb2b1d6f73df6ac9a77459e2d') in 0.050910 seconds
Number of updated asset objects reloaded before import = 0
Number of asset objects unloaded after import = 36
========================================================================
Received Import Request.
  Time since last request: 0.000019 seconds.
  path: Assets/Origin/MINIFANTASY - Dungeon/Prefabs/Props/Spikes.prefab
  artifactKey: Guid(d7e840a5c2aec48449ea09f8296f1c43) Importer(815301076,1909f56bfc062723c751e8b465ee728b)
Start importing Assets/Origin/MINIFANTASY - Dungeon/Prefabs/Props/Spikes.prefab using Guid(d7e840a5c2aec48449ea09f8296f1c43) Importer(815301076,1909f56bfc062723c751e8b465ee728b)  -> (artifact id: 'be51d4018226a8771b906a76e9df2978') in 0.042099 seconds
Number of updated asset objects reloaded before import = 0
Number of asset objects unloaded after import = 14
========================================================================
Received Import Request.
  Time since last request: 0.000022 seconds.
  path: Assets/Origin/MINIFANTASY - Dungeon/Sprites/Animations/Orc/OrcBaseAttack.png
  artifactKey: Guid(4ffcce8e97abeee45ba24378d46c2c98) Importer(815301076,1909f56bfc062723c751e8b465ee728b)
Start importing Assets/Origin/MINIFANTASY - Dungeon/Sprites/Animations/Orc/OrcBaseAttack.png using Guid(4ffcce8e97abeee45ba24378d46c2c98) Importer(815301076,1909f56bfc062723c751e8b465ee728b)  -> (artifact id: '99be8943a63e06de31d78fb5aa4df9b8') in 0.055088 seconds
Number of updated asset objects reloaded before import = 0
Number of asset objects unloaded after import = 18
========================================================================
Received Import Request.
  Time since last request: 0.000022 seconds.
  path: Assets/Origin/MINIFANTASY - Dungeon/Sprites/Animations/Orc/OrcBaseDie.png
  artifactKey: Guid(63c8fb88ea7b81741bbdd3c1151cd729) Importer(815301076,1909f56bfc062723c751e8b465ee728b)
Start importing Assets/Origin/MINIFANTASY - Dungeon/Sprites/Animations/Orc/OrcBaseDie.png using Guid(63c8fb88ea7b81741bbdd3c1151cd729) Importer(815301076,1909f56bfc062723c751e8b465ee728b)  -> (artifact id: '25e7ec8263ec25ece94ba66cbdcdb3f2') in 0.047978 seconds
Number of updated asset objects reloaded before import = 0
Number of asset objects unloaded after import = 14
========================================================================
Received Import Request.
  Time since last request: 0.000029 seconds.
  path: Assets/Origin/MINIFANTASY - Dungeon/Sprites/Animations/Orc/OrcBaseWalk.png
  artifactKey: Guid(8abab9f6f7cf6d14099b96e573c7b88b) Importer(815301076,1909f56bfc062723c751e8b465ee728b)
Start importing Assets/Origin/MINIFANTASY - Dungeon/Sprites/Animations/Orc/OrcBaseWalk.png using Guid(8abab9f6f7cf6d14099b96e573c7b88b) Importer(815301076,1909f56bfc062723c751e8b465ee728b)  -> (artifact id: '16e4b8adeacad7ba06f346a38657cf18') in 0.081941 seconds
Number of updated asset objects reloaded before import = 0
Number of asset objects unloaded after import = 18
========================================================================
Received Import Request.
  Time since last request: 0.000092 seconds.
  path: Assets/Origin/MINIFANTASY - Dungeon/Sprites/Animations/Decoration/CandleLight.png
  artifactKey: Guid(cab4fc074e3e7514b94c914c2a5da889) Importer(815301076,1909f56bfc062723c751e8b465ee728b)
Start importing Assets/Origin/MINIFANTASY - Dungeon/Sprites/Animations/Decoration/CandleLight.png using Guid(cab4fc074e3e7514b94c914c2a5da889) Importer(815301076,1909f56bfc062723c751e8b465ee728b)  -> (artifact id: '8db6762d04992450811b69377f8b0328') in 0.041956 seconds
Number of updated asset objects reloaded before import = 0
Number of asset objects unloaded after import = 10
========================================================================
Received Import Request.
  Time since last request: 0.000028 seconds.
  path: Assets/Origin/MINIFANTASY - Dungeon/Prefabs/Props/Wooden_Table.prefab
  artifactKey: Guid(b5e2281868859b14aab01de5ce75760a) Importer(815301076,1909f56bfc062723c751e8b465ee728b)
Start importing Assets/Origin/MINIFANTASY - Dungeon/Prefabs/Props/Wooden_Table.prefab using Guid(b5e2281868859b14aab01de5ce75760a) Importer(815301076,1909f56bfc062723c751e8b465ee728b)  -> (artifact id: 'f8fcbe85adc3aec911d3db682dfb05cd') in 0.020341 seconds
Number of updated asset objects reloaded before import = 0
Number of asset objects unloaded after import = 32
========================================================================
Received Import Request.
  Time since last request: 0.000019 seconds.
  path: Assets/Origin/MINIFANTASY - Dungeon/Sprites/Animations/Orc/OrcBaseChargedAttack.png
  artifactKey: Guid(85111044d6fbaac4a92b66763f70835c) Importer(815301076,1909f56bfc062723c751e8b465ee728b)
Start importing Assets/Origin/MINIFANTASY - Dungeon/Sprites/Animations/Orc/OrcBaseChargedAttack.png using Guid(85111044d6fbaac4a92b66763f70835c) Importer(815301076,1909f56bfc062723c751e8b465ee728b)  -> (artifact id: '88b5603b8fb297710c3cf76e61d90001') in 0.056699 seconds
Number of updated asset objects reloaded before import = 0
Number of asset objects unloaded after import = 20
========================================================================
Received Import Request.
  Time since last request: 0.000058 seconds.
  path: Assets/Origin/MINIFANTASY - Dungeon/Sprites/Animations
  artifactKey: Guid(b1821fd7430358a40bc5e78832f5dbd1) Importer(815301076,1909f56bfc062723c751e8b465ee728b)
Start importing Assets/Origin/MINIFANTASY - Dungeon/Sprites/Animations using Guid(b1821fd7430358a40bc5e78832f5dbd1) Importer(815301076,1909f56bfc062723c751e8b465ee728b)  -> (artifact id: '7e3070b185445cff17dd111c32c7d221') in 0.000564 seconds
Number of updated asset objects reloaded before import = 0
Number of asset objects unloaded after import = 0
Editor requested this worker to shutdown with reason: Scaling down because of idle timeout
TcpMessagingSession - receive error: operation aborted. errorcode: 995, details: The I/O operation has been aborted because of either a thread exit or an application request.
AssetImportWorker is now disconnected from the server
Process exiting
Exiting without the bug reporter. Application will terminate with return code 0