Using pre-set license
Built from '2022.3/staging' branch; Version is '2022.3.28f1 (6bae5ce6b222) revision 7056988'; Using compiler version '192829333'; Build Type 'Release'
OS: 'Windows 10  (10.0.19045) 64bit CoreSingleLanguage' Language: 'en' Physical Memory: 16229 MB
BatchMode: 1, IsHumanControllingUs: 0, StartBugReporterOnCrash: 0, Is64bit: 1, IsPro: 1

COMMAND LINE ARGUMENTS:
F:\Unity\Editor\2022.3.28f1\Editor\Unity.exe
-adb2
-batchMode
-noUpm
-name
AssetImportWorker2
-projectPath
F:/PixelDungeon/Pixel Dungeon/PixelDungeon
-logFile
Logs/AssetImportWorker2.log
-srvPort
61600
Successfully changed project path to: F:/PixelDungeon/Pixel Dungeon/PixelDungeon
F:/PixelDungeon/Pixel Dungeon/PixelDungeon
[UnityMemory] Configuration Parameters - Can be set up in boot.config
    "memorysetup-bucket-allocator-granularity=16"
    "memorysetup-bucket-allocator-bucket-count=8"
    "memorysetup-bucket-allocator-block-size=33554432"
    "memorysetup-bucket-allocator-block-count=8"
    "memorysetup-main-allocator-block-size=16777216"
    "memorysetup-thread-allocator-block-size=16777216"
    "memorysetup-gfx-main-allocator-block-size=16777216"
    "memorysetup-gfx-thread-allocator-block-size=16777216"
    "memorysetup-cache-allocator-block-size=4194304"
    "memorysetup-typetree-allocator-block-size=2097152"
    "memorysetup-profiler-bucket-allocator-granularity=16"
    "memorysetup-profiler-bucket-allocator-bucket-count=8"
    "memorysetup-profiler-bucket-allocator-block-size=33554432"
    "memorysetup-profiler-bucket-allocator-block-count=8"
    "memorysetup-profiler-allocator-block-size=16777216"
    "memorysetup-profiler-editor-allocator-block-size=1048576"
    "memorysetup-temp-allocator-size-main=16777216"
    "memorysetup-job-temp-allocator-block-size=2097152"
    "memorysetup-job-temp-allocator-block-size-background=1048576"
    "memorysetup-job-temp-allocator-reduction-small-platforms=262144"
    "memorysetup-allocator-temp-initial-block-size-main=262144"
    "memorysetup-allocator-temp-initial-block-size-worker=262144"
    "memorysetup-temp-allocator-size-background-worker=32768"
    "memorysetup-temp-allocator-size-job-worker=262144"
    "memorysetup-temp-allocator-size-preload-manager=33554432"
    "memorysetup-temp-allocator-size-nav-mesh-worker=65536"
    "memorysetup-temp-allocator-size-audio-worker=65536"
    "memorysetup-temp-allocator-size-cloud-worker=32768"
    "memorysetup-temp-allocator-size-gi-baking-worker=262144"
    "memorysetup-temp-allocator-size-gfx=262144"
Player connection [13832] Host "[IP] 192.168.1.3 [Port] 0 [Flags] 2 [Guid] 367093056 [EditorId] 367093056 [Version] 1048832 [Id] WindowsEditor(7,Xenon) [Debug] 1 [PackageName] WindowsEditor [ProjectName] Editor" joined multi-casting on [225.0.0.222:54997]...

Player connection [13832] Host "[IP] 192.168.1.3 [Port] 0 [Flags] 2 [Guid] 367093056 [EditorId] 367093056 [Version] 1048832 [Id] WindowsEditor(7,Xenon) [Debug] 1 [PackageName] WindowsEditor [ProjectName] Editor" joined alternative multi-casting on [225.0.0.222:34997]...

[Physics::Module] Initialized MultithreadedJobDispatcher with 11 workers.
Refreshing native plugins compatible for Editor in 16.27 ms, found 4 plugins.
Preloading 0 native plugins for Editor in 0.00 ms.
Initialize engine version: 2022.3.28f1 (6bae5ce6b222)
[Subsystems] Discovering subsystems at path F:/Unity/Editor/2022.3.28f1/Editor/Data/Resources/UnitySubsystems
[Subsystems] Discovering subsystems at path F:/PixelDungeon/Pixel Dungeon/PixelDungeon/Assets
GfxDevice: creating device client; threaded=0; jobified=0
Direct3D:
    Version:  Direct3D 11.0 [level 11.1]
    Renderer: NVIDIA GeForce GTX 1650 with Max-Q Design (ID=0x1f91)
    Vendor:   NVIDIA
    VRAM:     3935 MB
    Driver:   32.0.15.5599
Initialize mono
Mono path[0] = 'F:/Unity/Editor/2022.3.28f1/Editor/Data/Managed'
Mono path[1] = 'F:/Unity/Editor/2022.3.28f1/Editor/Data/MonoBleedingEdge/lib/mono/unityjit-win32'
Mono config path = 'F:/Unity/Editor/2022.3.28f1/Editor/Data/MonoBleedingEdge/etc'
Using monoOptions --debugger-agent=transport=dt_socket,embedding=1,server=y,suspend=n,address=127.0.0.1:56528
Begin MonoManager ReloadAssembly
Registering precompiled unity dll's ...
Register platform support module: F:/Unity/Editor/2022.3.28f1/Editor/Data/PlaybackEngines/WebGLSupport/UnityEditor.WebGL.Extensions.dll
Register platform support module: F:/Unity/Editor/2022.3.28f1/Editor/Data/PlaybackEngines/WindowsStandaloneSupport/UnityEditor.WindowsStandalone.Extensions.dll
Registered in 0.010925 seconds.
- Loaded All Assemblies, in  0.609 seconds
Native extension for WindowsStandalone target not found
Native extension for WebGL target not found
Mono: successfully reloaded assembly
- Finished resetting the current domain, in  0.471 seconds
Domain Reload Profiling: 1080ms
	BeginReloadAssembly (191ms)
		ExecutionOrderSort (0ms)
		DisableScriptedObjects (0ms)
		BackupInstance (0ms)
		ReleaseScriptingObjects (0ms)
		CreateAndSetChildDomain (2ms)
	RebuildCommonClasses (65ms)
	RebuildNativeTypeToScriptingClass (20ms)
	initialDomainReloadingComplete (90ms)
	LoadAllAssembliesAndSetupDomain (242ms)
		LoadAssemblies (189ms)
		RebuildTransferFunctionScriptingTraits (0ms)
		AnalyzeDomain (239ms)
			TypeCache.Refresh (237ms)
				TypeCache.ScanAssembly (215ms)
			ScanForSourceGeneratedMonoScriptInfo (1ms)
			ResolveRequiredComponents (1ms)
	FinalizeReload (472ms)
		ReleaseScriptCaches (0ms)
		RebuildScriptCaches (0ms)
		SetupLoadedEditorAssemblies (371ms)
			LogAssemblyErrors (0ms)
			InitializePlatformSupportModulesInManaged (14ms)
			SetLoadedEditorAssemblies (9ms)
			RefreshPlugins (0ms)
			BeforeProcessingInitializeOnLoad (4ms)
			ProcessInitializeOnLoadAttributes (259ms)
			ProcessInitializeOnLoadMethodAttributes (85ms)
			AfterProcessingInitializeOnLoad (0ms)
			EditorAssembliesLoaded (0ms)
		ExecutionOrderSort2 (0ms)
		AwakeInstancesAfterBackupRestoration (0ms)
========================================================================
Worker process is ready to serve import requests
Begin MonoManager ReloadAssembly
- Loaded All Assemblies, in  1.065 seconds
Refreshing native plugins compatible for Editor in 4.86 ms, found 4 plugins.
Native extension for WindowsStandalone target not found
Native extension for WebGL target not found
Package Manager log level set to [2]
[Package Manager] Server::EnsureServerProcessIsRunning -- launch failed, reason: Unity was launched with the -noUpm command-line argument
[Package Manager] UpmClient::Send -- Unable to send message (not connected to UPM process).
[Package Manager] Cannot connect to Unity Package Manager local server
Mono: successfully reloaded assembly
- Finished resetting the current domain, in  1.236 seconds
Domain Reload Profiling: 2301ms
	BeginReloadAssembly (242ms)
		ExecutionOrderSort (0ms)
		DisableScriptedObjects (10ms)
		BackupInstance (0ms)
		ReleaseScriptingObjects (0ms)
		CreateAndSetChildDomain (32ms)
	RebuildCommonClasses (55ms)
	RebuildNativeTypeToScriptingClass (20ms)
	initialDomainReloadingComplete (63ms)
	LoadAllAssembliesAndSetupDomain (683ms)
		LoadAssemblies (498ms)
		RebuildTransferFunctionScriptingTraits (0ms)
		AnalyzeDomain (332ms)
			TypeCache.Refresh (277ms)
				TypeCache.ScanAssembly (254ms)
			ScanForSourceGeneratedMonoScriptInfo (40ms)
			ResolveRequiredComponents (14ms)
	FinalizeReload (1238ms)
		ReleaseScriptCaches (0ms)
		RebuildScriptCaches (0ms)
		SetupLoadedEditorAssemblies (925ms)
			LogAssemblyErrors (0ms)
			InitializePlatformSupportModulesInManaged (9ms)
			SetLoadedEditorAssemblies (6ms)
			RefreshPlugins (0ms)
			BeforeProcessingInitializeOnLoad (118ms)
			ProcessInitializeOnLoadAttributes (707ms)
			ProcessInitializeOnLoadMethodAttributes (78ms)
			AfterProcessingInitializeOnLoad (5ms)
			EditorAssembliesLoaded (1ms)
		ExecutionOrderSort2 (0ms)
		AwakeInstancesAfterBackupRestoration (21ms)
Launched and connected shader compiler UnityShaderCompiler.exe after 0.12 seconds
Refreshing native plugins compatible for Editor in 6.43 ms, found 4 plugins.
Preloading 0 native plugins for Editor in 0.00 ms.
Unloading 4621 Unused Serialized files (Serialized files now loaded: 0)
Unloading 85 unused Assets / (136.9 KB). Loaded Objects now: 5083.
Memory consumption went from 160.2 MB to 160.1 MB.
Total: 9.975100 ms (FindLiveObjects: 0.759300 ms CreateObjectMapping: 0.558700 ms MarkObjects: 8.445600 ms  DeleteObjects: 0.208700 ms)

AssetImportParameters requested are different than current active one (requested -> active):
  custom:container-demuxer-ogg: 62fdf1f143b41e24485cea50d1cbac27 -> 
  custom:video-decoder-ogg-theora: a1e56fd34408186e4bbccfd4996cb3dc -> 
  custom:framework-win-MediaFoundation: 216162199b28c13a410421893ffa2e32 -> 
  custom:CustomObjectIndexerAttribute: 9a22284fe3817be447336de3de66b15e -> 
  custom:container-demuxer-webm: 4f35f7cbe854078d1ac9338744f61a02 -> 
  custom:container-muxer-webm: aa71ff27fc2769a1b78a27578f13a17b -> 
  custom:video-decoder-webm-vp8: 9c59270c3fd7afecdb556c50c9e8de78 -> 
  custom:SearchIndexIgnoredProperties: e643bd26f0fe6173181afceb89e7c659 -> 
  custom:AudioImporter_EditorPlatform: d09bf68614088b80899f8185d706f6e7 -> 
  custom:video-encoder-webm-vp8: eb34c28f22e8b96e1ab97ce403110664 -> 
  custom:audio-decoder-ogg-vorbis: bf7c407c2cedff20999df2af8eb42d56 -> 
  custom:audio-encoder-webm-vorbis: bf7c407c2cedff20999df2af8eb42d56 -> 
========================================================================
Received Import Request.
  Time since last request: 25211.176038 seconds.
  path: Assets/Origin/MINIFANTASY - Dungeon/Prefabs/Props/Clay_Mug.prefab
  artifactKey: Guid(74684bfd4b82fee45920306d81084793) Importer(815301076,1909f56bfc062723c751e8b465ee728b)
Start importing Assets/Origin/MINIFANTASY - Dungeon/Prefabs/Props/Clay_Mug.prefab using Guid(74684bfd4b82fee45920306d81084793) Importer(815301076,1909f56bfc062723c751e8b465ee728b)  -> (artifact id: '5b589e4e1f040cc5735b7fe59b0d381f') in 0.190680 seconds
Number of updated asset objects reloaded before import = 0
Number of asset objects unloaded after import = 12
========================================================================
Received Import Request.
  Time since last request: 0.000058 seconds.
  path: Assets/Origin/MINIFANTASY - Dungeon/Prefabs/Props/Wooden_Crate.prefab
  artifactKey: Guid(6da752f69c897b54e8720f01447a7d0f) Importer(815301076,1909f56bfc062723c751e8b465ee728b)
Start importing Assets/Origin/MINIFANTASY - Dungeon/Prefabs/Props/Wooden_Crate.prefab using Guid(6da752f69c897b54e8720f01447a7d0f) Importer(815301076,1909f56bfc062723c751e8b465ee728b)  -> (artifact id: '7dc39780c915e2cc4555c2f945881c92') in 0.028323 seconds
Number of updated asset objects reloaded before import = 0
Number of asset objects unloaded after import = 13
========================================================================
Received Import Request.
  Time since last request: 3.700400 seconds.
  path: Assets/Origin/MINIFANTASY - Dungeon/Sprites/Animations/Human/HumanBaseAnimations.png
  artifactKey: Guid(a086c0da989a0d14db2fb9a77ccc086b) Importer(815301076,1909f56bfc062723c751e8b465ee728b)
Start importing Assets/Origin/MINIFANTASY - Dungeon/Sprites/Animations/Human/HumanBaseAnimations.png using Guid(a086c0da989a0d14db2fb9a77ccc086b) Importer(815301076,1909f56bfc062723c751e8b465ee728b)  -> (artifact id: 'c7a863f2a07b326d5238ed028d7aac0a') in 0.029982 seconds
Number of updated asset objects reloaded before import = 0
Number of asset objects unloaded after import = 2
========================================================================
Received Import Request.
  Time since last request: 4.761647 seconds.
  path: Assets/Character/Boss
  artifactKey: Guid(2011978991f81c348a9322eb47fdf144) Importer(815301076,1909f56bfc062723c751e8b465ee728b)
Start importing Assets/Character/Boss using Guid(2011978991f81c348a9322eb47fdf144) Importer(815301076,1909f56bfc062723c751e8b465ee728b)  -> (artifact id: 'be3378a7107cd4f35c2370f3c515017d') in 0.000783 seconds
Number of updated asset objects reloaded before import = 0
Number of asset objects unloaded after import = 0
========================================================================
Received Import Request.
  Time since last request: 17.571980 seconds.
  path: Assets/Dragon Warrior Files/Dragon Warrior PNG
  artifactKey: Guid(080480210f236eb4d8bae4f6b33cdb46) Importer(815301076,1909f56bfc062723c751e8b465ee728b)
Start importing Assets/Dragon Warrior Files/Dragon Warrior PNG using Guid(080480210f236eb4d8bae4f6b33cdb46) Importer(815301076,1909f56bfc062723c751e8b465ee728b)  -> (artifact id: 'aaf56d3cb7f9de9bcfe14d47184d50af') in 0.000850 seconds
Number of updated asset objects reloaded before import = 0
Number of asset objects unloaded after import = 0
========================================================================
Received Import Request.
  Time since last request: 0.041342 seconds.
  path: Assets/Dragon Warrior Files/Dragon Warrior PNG/attack_01.png
  artifactKey: Guid(2d81263c15e0870429e027cfa336f392) Importer(815301076,1909f56bfc062723c751e8b465ee728b)
Start importing Assets/Dragon Warrior Files/Dragon Warrior PNG/attack_01.png using Guid(2d81263c15e0870429e027cfa336f392) Importer(815301076,1909f56bfc062723c751e8b465ee728b)  -> (artifact id: '4fd9dcbffffded7679b9478bfb012e0c') in 0.050471 seconds
Number of updated asset objects reloaded before import = 0
Number of asset objects unloaded after import = 3
========================================================================
Received Import Request.
  Time since last request: 0.000051 seconds.
  path: Assets/Dragon Warrior Files/Dragon Warrior PNG/flyKick_06.png
  artifactKey: Guid(dbbdc7d73ab9d7145b33c3e24c7a9087) Importer(815301076,1909f56bfc062723c751e8b465ee728b)
Start importing Assets/Dragon Warrior Files/Dragon Warrior PNG/flyKick_06.png using Guid(dbbdc7d73ab9d7145b33c3e24c7a9087) Importer(815301076,1909f56bfc062723c751e8b465ee728b)  -> (artifact id: 'cf2fde17076d0b84e272527cc46bbca0') in 0.025633 seconds
Number of updated asset objects reloaded before import = 0
Number of asset objects unloaded after import = 3
========================================================================
Received Import Request.
  Time since last request: 0.000023 seconds.
  path: Assets/Dragon Warrior Files/Dragon Warrior PNG/die_009.png
  artifactKey: Guid(e5258472650049045bbf40c848a088b1) Importer(815301076,1909f56bfc062723c751e8b465ee728b)
Start importing Assets/Dragon Warrior Files/Dragon Warrior PNG/die_009.png using Guid(e5258472650049045bbf40c848a088b1) Importer(815301076,1909f56bfc062723c751e8b465ee728b)  -> (artifact id: '5f7cea660b7353f0c7cc1355a82b6e60') in 0.030257 seconds
Number of updated asset objects reloaded before import = 0
Number of asset objects unloaded after import = 3
========================================================================
Received Import Request.
  Time since last request: 0.000044 seconds.
  path: Assets/Dragon Warrior Files/Dragon Warrior PNG/die_010.png
  artifactKey: Guid(ee54785c109c1014c87115db62440046) Importer(815301076,1909f56bfc062723c751e8b465ee728b)
Start importing Assets/Dragon Warrior Files/Dragon Warrior PNG/die_010.png using Guid(ee54785c109c1014c87115db62440046) Importer(815301076,1909f56bfc062723c751e8b465ee728b)  -> (artifact id: 'ef86ef1986c7aaac7cf20873d8fc5a3b') in 0.026982 seconds
Number of updated asset objects reloaded before import = 0
Number of asset objects unloaded after import = 3
========================================================================
Received Import Request.
  Time since last request: 0.000026 seconds.
  path: Assets/Dragon Warrior Files/Dragon Warrior PNG/walk_03.png
  artifactKey: Guid(98c5ac8072bb34448b13482b69c7a0b3) Importer(815301076,1909f56bfc062723c751e8b465ee728b)
Start importing Assets/Dragon Warrior Files/Dragon Warrior PNG/walk_03.png using Guid(98c5ac8072bb34448b13482b69c7a0b3) Importer(815301076,1909f56bfc062723c751e8b465ee728b)  -> (artifact id: '4e4525b20f05e42fea8639ff1ab696ce') in 0.032323 seconds
Number of updated asset objects reloaded before import = 0
Number of asset objects unloaded after import = 3
========================================================================
Received Import Request.
  Time since last request: 0.000021 seconds.
  path: Assets/Dragon Warrior Files/Dragon Warrior PNG/flyKick_01.png
  artifactKey: Guid(93b5ee5598a58be4d89455da461d3fa3) Importer(815301076,1909f56bfc062723c751e8b465ee728b)
Start importing Assets/Dragon Warrior Files/Dragon Warrior PNG/flyKick_01.png using Guid(93b5ee5598a58be4d89455da461d3fa3) Importer(815301076,1909f56bfc062723c751e8b465ee728b)  -> (artifact id: 'c743a1cf265a8e13c8d88bdf4ff03281') in 0.026873 seconds
Number of updated asset objects reloaded before import = 0
Number of asset objects unloaded after import = 3
========================================================================
Received Import Request.
  Time since last request: 0.000034 seconds.
  path: Assets/Dragon Warrior Files/Dragon Warrior PNG/dizzy_03.png
  artifactKey: Guid(3cbc28c0984352d4393e38772abab30f) Importer(815301076,1909f56bfc062723c751e8b465ee728b)
Start importing Assets/Dragon Warrior Files/Dragon Warrior PNG/dizzy_03.png using Guid(3cbc28c0984352d4393e38772abab30f) Importer(815301076,1909f56bfc062723c751e8b465ee728b)  -> (artifact id: 'a49d6f729521567ad42de42c9a96f919') in 0.029999 seconds
Number of updated asset objects reloaded before import = 0
Number of asset objects unloaded after import = 3
========================================================================
Received Import Request.
  Time since last request: 0.000084 seconds.
  path: Assets/Dragon Warrior Files/Dragon Warrior PNG/crouch_ATK_02.png
  artifactKey: Guid(629e63a13f5fdc0479184fc58e22bb9b) Importer(815301076,1909f56bfc062723c751e8b465ee728b)
Start importing Assets/Dragon Warrior Files/Dragon Warrior PNG/crouch_ATK_02.png using Guid(629e63a13f5fdc0479184fc58e22bb9b) Importer(815301076,1909f56bfc062723c751e8b465ee728b)  -> (artifact id: '4b7648f9a44e4ae0fdd70bced3bdbf82') in 0.024095 seconds
Number of updated asset objects reloaded before import = 0
Number of asset objects unloaded after import = 3
========================================================================
Received Import Request.
  Time since last request: 0.000041 seconds.
  path: Assets/Dragon Warrior Files/Dragon Warrior PNG/flyKick_02.png
  artifactKey: Guid(8e62a7946c37bd542a205f31952507d5) Importer(815301076,1909f56bfc062723c751e8b465ee728b)
Start importing Assets/Dragon Warrior Files/Dragon Warrior PNG/flyKick_02.png using Guid(8e62a7946c37bd542a205f31952507d5) Importer(815301076,1909f56bfc062723c751e8b465ee728b)  -> (artifact id: '0db12fbe6054d05351152a0340c24724') in 0.023320 seconds
Number of updated asset objects reloaded before import = 0
Number of asset objects unloaded after import = 3
========================================================================
Received Import Request.
  Time since last request: 0.000044 seconds.
  path: Assets/Dragon Warrior Files/Dragon Warrior PNG/crouch_02.png
  artifactKey: Guid(4712c1ad024e03b4c97cf0683831cff8) Importer(815301076,1909f56bfc062723c751e8b465ee728b)
Start importing Assets/Dragon Warrior Files/Dragon Warrior PNG/crouch_02.png using Guid(4712c1ad024e03b4c97cf0683831cff8) Importer(815301076,1909f56bfc062723c751e8b465ee728b)  -> (artifact id: 'a30248244f52da1a1a8ef8b134671de0') in 0.025891 seconds
Number of updated asset objects reloaded before import = 0
Number of asset objects unloaded after import = 3
========================================================================
Received Import Request.
  Time since last request: 0.000020 seconds.
  path: Assets/Dragon Warrior Files/Dragon Warrior PNG/strike_01.png
  artifactKey: Guid(4b90e2136f82c864199ce0fe6565864e) Importer(815301076,1909f56bfc062723c751e8b465ee728b)
Start importing Assets/Dragon Warrior Files/Dragon Warrior PNG/strike_01.png using Guid(4b90e2136f82c864199ce0fe6565864e) Importer(815301076,1909f56bfc062723c751e8b465ee728b)  -> (artifact id: 'ee76845b543493054611bca70590b35d') in 0.021915 seconds
Number of updated asset objects reloaded before import = 0
Number of asset objects unloaded after import = 3
========================================================================
Received Import Request.
  Time since last request: 6.953544 seconds.
  path: Assets/Dragon Warrior Files/Dragon Warrior PNG/walk_05.png
  artifactKey: Guid(9306e39f0f362e24888908e2bc7ab52a) Importer(815301076,1909f56bfc062723c751e8b465ee728b)
Start importing Assets/Dragon Warrior Files/Dragon Warrior PNG/walk_05.png using Guid(9306e39f0f362e24888908e2bc7ab52a) Importer(815301076,1909f56bfc062723c751e8b465ee728b)  -> (artifact id: '405d2845a4e70e201ed6473046133e62') in 0.032522 seconds
Number of updated asset objects reloaded before import = 0
Number of asset objects unloaded after import = 3
========================================================================
Received Import Request.
  Time since last request: 0.000066 seconds.
  path: Assets/Dragon Warrior Files/Dragon Warrior PNG/win_02.png
  artifactKey: Guid(b81c4bdf1f97f00419a7a6db51184b83) Importer(815301076,1909f56bfc062723c751e8b465ee728b)
Start importing Assets/Dragon Warrior Files/Dragon Warrior PNG/win_02.png using Guid(b81c4bdf1f97f00419a7a6db51184b83) Importer(815301076,1909f56bfc062723c751e8b465ee728b)  -> (artifact id: '242c9efb40ea630af6e837f0c45d3adb') in 0.019545 seconds
Number of updated asset objects reloaded before import = 0
Number of asset objects unloaded after import = 3
========================================================================
Received Import Request.
  Time since last request: 31.217741 seconds.
  path: Assets/Dragon Warrior Files/Dragon Warrior PNG/attack_01.png
  artifactKey: Guid(2d81263c15e0870429e027cfa336f392) Importer(815301076,1909f56bfc062723c751e8b465ee728b)
Start importing Assets/Dragon Warrior Files/Dragon Warrior PNG/attack_01.png using Guid(2d81263c15e0870429e027cfa336f392) Importer(815301076,1909f56bfc062723c751e8b465ee728b)  -> (artifact id: '322280ce0116f3adaad40a9cd02af2ff') in 0.024489 seconds
Number of updated asset objects reloaded before import = 0
Number of asset objects unloaded after import = 3
========================================================================
Received Import Request.
  Time since last request: 0.000036 seconds.
  path: Assets/Dragon Warrior Files/Dragon Warrior PNG/flyKick_05.png
  artifactKey: Guid(521660e94e83ffa4a85fd97c1535f592) Importer(815301076,1909f56bfc062723c751e8b465ee728b)
Start importing Assets/Dragon Warrior Files/Dragon Warrior PNG/flyKick_05.png using Guid(521660e94e83ffa4a85fd97c1535f592) Importer(815301076,1909f56bfc062723c751e8b465ee728b)  -> (artifact id: 'cb9abf21cdbcd7fb1d419e2c8660e45d') in 0.020284 seconds
Number of updated asset objects reloaded before import = 0
Number of asset objects unloaded after import = 3
========================================================================
Received Import Request.
  Time since last request: 0.000026 seconds.
  path: Assets/Dragon Warrior Files/Dragon Warrior PNG/walk_01.png
  artifactKey: Guid(ec6024434cc0c7f4eb61be20590aef7f) Importer(815301076,1909f56bfc062723c751e8b465ee728b)
Start importing Assets/Dragon Warrior Files/Dragon Warrior PNG/walk_01.png using Guid(ec6024434cc0c7f4eb61be20590aef7f) Importer(815301076,1909f56bfc062723c751e8b465ee728b)  -> (artifact id: 'ce1509cc123aee795fded2f1620fe2be') in 0.023753 seconds
Number of updated asset objects reloaded before import = 0
Number of asset objects unloaded after import = 3
========================================================================
Received Import Request.
  Time since last request: 0.000032 seconds.
  path: Assets/Dragon Warrior Files/Dragon Warrior PNG/hurt_02.png
  artifactKey: Guid(c00d49e25087e51469846d2e22e2fa6d) Importer(815301076,1909f56bfc062723c751e8b465ee728b)
Start importing Assets/Dragon Warrior Files/Dragon Warrior PNG/hurt_02.png using Guid(c00d49e25087e51469846d2e22e2fa6d) Importer(815301076,1909f56bfc062723c751e8b465ee728b)  -> (artifact id: 'a9948e03adf81497e1772d5047e85753') in 0.020403 seconds
Number of updated asset objects reloaded before import = 0
Number of asset objects unloaded after import = 3
========================================================================
Received Import Request.
  Time since last request: 0.000027 seconds.
  path: Assets/Dragon Warrior Files/Dragon Warrior PNG/die_010.png
  artifactKey: Guid(ee54785c109c1014c87115db62440046) Importer(815301076,1909f56bfc062723c751e8b465ee728b)
Start importing Assets/Dragon Warrior Files/Dragon Warrior PNG/die_010.png using Guid(ee54785c109c1014c87115db62440046) Importer(815301076,1909f56bfc062723c751e8b465ee728b)  -> (artifact id: '5c3bc4685f15cd5980dc8bde31c48446') in 0.022109 seconds
Number of updated asset objects reloaded before import = 0
Number of asset objects unloaded after import = 3
========================================================================
Received Import Request.
  Time since last request: 0.000025 seconds.
  path: Assets/Dragon Warrior Files/Dragon Warrior PNG/strike_05.png
  artifactKey: Guid(e77df11815124d74ba29a147b3ce910a) Importer(815301076,1909f56bfc062723c751e8b465ee728b)
Start importing Assets/Dragon Warrior Files/Dragon Warrior PNG/strike_05.png using Guid(e77df11815124d74ba29a147b3ce910a) Importer(815301076,1909f56bfc062723c751e8b465ee728b)  -> (artifact id: '0610cf53d464edd584b1e2c826fee8f8') in 0.023203 seconds
Number of updated asset objects reloaded before import = 0
Number of asset objects unloaded after import = 3
========================================================================
Received Import Request.
  Time since last request: 0.000032 seconds.
  path: Assets/Dragon Warrior Files/Dragon Warrior PNG/flyKick_03.png
  artifactKey: Guid(de8bfe7b6a8207b4d8f594997f70cd58) Importer(815301076,1909f56bfc062723c751e8b465ee728b)
Start importing Assets/Dragon Warrior Files/Dragon Warrior PNG/flyKick_03.png using Guid(de8bfe7b6a8207b4d8f594997f70cd58) Importer(815301076,1909f56bfc062723c751e8b465ee728b)  -> (artifact id: '48ab79f4e12ce1bf9f86ffebc94c54be') in 0.020691 seconds
Number of updated asset objects reloaded before import = 0
Number of asset objects unloaded after import = 3
========================================================================
Received Import Request.
  Time since last request: 0.000036 seconds.
  path: Assets/Dragon Warrior Files/Dragon Warrior PNG/crouch_ATK_03.png
  artifactKey: Guid(e5a801c3d96b4f842b19dde07d6261ca) Importer(815301076,1909f56bfc062723c751e8b465ee728b)
Start importing Assets/Dragon Warrior Files/Dragon Warrior PNG/crouch_ATK_03.png using Guid(e5a801c3d96b4f842b19dde07d6261ca) Importer(815301076,1909f56bfc062723c751e8b465ee728b)  -> (artifact id: '6c6c536ac5461afa265046e3460f0b11') in 0.025986 seconds
Number of updated asset objects reloaded before import = 0
Number of asset objects unloaded after import = 3
========================================================================
Received Import Request.
  Time since last request: 0.000034 seconds.
  path: Assets/Dragon Warrior Files/Dragon Warrior PNG/dizzy_03.png
  artifactKey: Guid(3cbc28c0984352d4393e38772abab30f) Importer(815301076,1909f56bfc062723c751e8b465ee728b)
Start importing Assets/Dragon Warrior Files/Dragon Warrior PNG/dizzy_03.png using Guid(3cbc28c0984352d4393e38772abab30f) Importer(815301076,1909f56bfc062723c751e8b465ee728b)  -> (artifact id: '4447219dc65fcd48a9d917c8f5eb33dd') in 0.027683 seconds
Number of updated asset objects reloaded before import = 0
Number of asset objects unloaded after import = 3
========================================================================
Received Import Request.
  Time since last request: 0.000065 seconds.
  path: Assets/Dragon Warrior Files/Dragon Warrior PNG/crouch_ATK_02.png
  artifactKey: Guid(629e63a13f5fdc0479184fc58e22bb9b) Importer(815301076,1909f56bfc062723c751e8b465ee728b)
Start importing Assets/Dragon Warrior Files/Dragon Warrior PNG/crouch_ATK_02.png using Guid(629e63a13f5fdc0479184fc58e22bb9b) Importer(815301076,1909f56bfc062723c751e8b465ee728b)  -> (artifact id: 'e697b539850cc3f3688253010d5170fe') in 0.022406 seconds
Number of updated asset objects reloaded before import = 0
Number of asset objects unloaded after import = 3
========================================================================
Received Import Request.
  Time since last request: 0.000028 seconds.
  path: Assets/Dragon Warrior Files/Dragon Warrior PNG/idle_06.png
  artifactKey: Guid(4f4ced12cb9b05c488e369f8bae6ab32) Importer(815301076,1909f56bfc062723c751e8b465ee728b)
Start importing Assets/Dragon Warrior Files/Dragon Warrior PNG/idle_06.png using Guid(4f4ced12cb9b05c488e369f8bae6ab32) Importer(815301076,1909f56bfc062723c751e8b465ee728b)  -> (artifact id: 'a2bc84a5606b69b7f05b9230bfbb3778') in 0.013377 seconds
Number of updated asset objects reloaded before import = 0
Number of asset objects unloaded after import = 3
========================================================================
Received Import Request.
  Time since last request: 0.000030 seconds.
  path: Assets/Dragon Warrior Files/Dragon Warrior PNG/flyKick_02.png
  artifactKey: Guid(8e62a7946c37bd542a205f31952507d5) Importer(815301076,1909f56bfc062723c751e8b465ee728b)
Start importing Assets/Dragon Warrior Files/Dragon Warrior PNG/flyKick_02.png using Guid(8e62a7946c37bd542a205f31952507d5) Importer(815301076,1909f56bfc062723c751e8b465ee728b)  -> (artifact id: '25b20314ed4dc70bedfabe3c58433949') in 0.029378 seconds
Number of updated asset objects reloaded before import = 0
Number of asset objects unloaded after import = 3
========================================================================
Received Import Request.
  Time since last request: 0.000026 seconds.
  path: Assets/Dragon Warrior Files/Dragon Warrior PNG/idle_05.png
  artifactKey: Guid(d6f80947af627e947b45cfa7a5ccc2c9) Importer(815301076,1909f56bfc062723c751e8b465ee728b)
Start importing Assets/Dragon Warrior Files/Dragon Warrior PNG/idle_05.png using Guid(d6f80947af627e947b45cfa7a5ccc2c9) Importer(815301076,1909f56bfc062723c751e8b465ee728b)  -> (artifact id: '005fce0f992c771c4f1dd89dbebb99ef') in 0.014195 seconds
Number of updated asset objects reloaded before import = 0
Number of asset objects unloaded after import = 3
========================================================================
Received Import Request.
  Time since last request: 0.000044 seconds.
  path: Assets/Dragon Warrior Files/Dragon Warrior PNG/jump_02.png
  artifactKey: Guid(d2df597a04a76de4a96a4c5e9a6f0ca4) Importer(815301076,1909f56bfc062723c751e8b465ee728b)
Start importing Assets/Dragon Warrior Files/Dragon Warrior PNG/jump_02.png using Guid(d2df597a04a76de4a96a4c5e9a6f0ca4) Importer(815301076,1909f56bfc062723c751e8b465ee728b)  -> (artifact id: '9b1ad81183f9bfad1c2ca5685316de59') in 0.024807 seconds
Number of updated asset objects reloaded before import = 0
Number of asset objects unloaded after import = 3
========================================================================
Received Import Request.
  Time since last request: 0.000019 seconds.
  path: Assets/Dragon Warrior Files/Dragon Warrior PNG/crouch_ATK_01.png
  artifactKey: Guid(cfb0994800bda9d46ac37ca2d06f5c51) Importer(815301076,1909f56bfc062723c751e8b465ee728b)
Start importing Assets/Dragon Warrior Files/Dragon Warrior PNG/crouch_ATK_01.png using Guid(cfb0994800bda9d46ac37ca2d06f5c51) Importer(815301076,1909f56bfc062723c751e8b465ee728b)  -> (artifact id: '62992efd695508dc0f33bf24aad7e21d') in 0.025219 seconds
Number of updated asset objects reloaded before import = 0
Number of asset objects unloaded after import = 3
========================================================================
Received Import Request.
  Time since last request: 0.000029 seconds.
  path: Assets/Dragon Warrior Files/Dragon Warrior PNG/die_004.png
  artifactKey: Guid(0d77f73d4d99df547aa70ffcb58767a5) Importer(815301076,1909f56bfc062723c751e8b465ee728b)
Start importing Assets/Dragon Warrior Files/Dragon Warrior PNG/die_004.png using Guid(0d77f73d4d99df547aa70ffcb58767a5) Importer(815301076,1909f56bfc062723c751e8b465ee728b)  -> (artifact id: '43777a5af6897ae53c89f1b8eac196df') in 0.031004 seconds
Number of updated asset objects reloaded before import = 0
Number of asset objects unloaded after import = 3
========================================================================
Received Import Request.
  Time since last request: 130.584982 seconds.
  path: Assets/Dragon Warrior Files/Dragon Warrior PNG/walk_05.png
  artifactKey: Guid(9306e39f0f362e24888908e2bc7ab52a) Importer(815301076,1909f56bfc062723c751e8b465ee728b)
Start importing Assets/Dragon Warrior Files/Dragon Warrior PNG/walk_05.png using Guid(9306e39f0f362e24888908e2bc7ab52a) Importer(815301076,1909f56bfc062723c751e8b465ee728b)  -> (artifact id: '35ac53d26e577a067d9d297e09491296') in 0.028971 seconds
Number of updated asset objects reloaded before import = 0
Number of asset objects unloaded after import = 3
========================================================================
Received Import Request.
  Time since last request: 0.000025 seconds.
  path: Assets/Dragon Warrior Files/Dragon Warrior PNG/win_01.png
  artifactKey: Guid(a39d0102686062f47b97c60ea2b3e237) Importer(815301076,1909f56bfc062723c751e8b465ee728b)
Start importing Assets/Dragon Warrior Files/Dragon Warrior PNG/win_01.png using Guid(a39d0102686062f47b97c60ea2b3e237) Importer(815301076,1909f56bfc062723c751e8b465ee728b)  -> (artifact id: '01eb34a8faeb514751b0829290ebea60') in 0.023118 seconds
Number of updated asset objects reloaded before import = 0
Number of asset objects unloaded after import = 3
========================================================================
Received Import Request.
  Time since last request: 271.682273 seconds.
  path: Assets/Scenes/Introduction.unity
  artifactKey: Guid(fbb58a98f3b4912408ddffc94d20e75a) Importer(815301076,1909f56bfc062723c751e8b465ee728b)
Start importing Assets/Scenes/Introduction.unity using Guid(fbb58a98f3b4912408ddffc94d20e75a) Importer(815301076,1909f56bfc062723c751e8b465ee728b)  -> (artifact id: '7b47a27a6822697cfcb83a1de6bf9d4e') in 0.000978 seconds
Number of updated asset objects reloaded before import = 0
Number of asset objects unloaded after import = 0
========================================================================
Received Import Request.
  Time since last request: 21.011526 seconds.
  path: Assets/Scenes/Scene1.unity
  artifactKey: Guid(a56fa043273010b4bb4989df93cdf7ae) Importer(815301076,1909f56bfc062723c751e8b465ee728b)
Start importing Assets/Scenes/Scene1.unity using Guid(a56fa043273010b4bb4989df93cdf7ae) Importer(815301076,1909f56bfc062723c751e8b465ee728b)  -> (artifact id: '2723d3b443defa9692f2679a456c4dc3') in 0.000568 seconds
Number of updated asset objects reloaded before import = 0
Number of asset objects unloaded after import = 0
